INFO - 2023-11-17 00:05:38 --> Session: Class initialized using 'CodeIgniter\Session\Handlers\FileHandler' driver.
CRITICAL - 2023-11-17 00:05:38 --> Undefined array key 0
in APPPATH/Views/prestamos/detail.php on line 117.
 1 APPPATH/Views/prestamos/detail.php(117): CodeIgniter\Debug\Exceptions->errorHandler(2, 'Undefined array key 0', '/Applications/MAMP/htdocs/prestamos/app/Views/prestamos/detail.php', 117)
 2 SYSTEMPATH/View/View.php(213): include('/Applications/MAMP/htdocs/prestamos/app/Views/prestamos/detail.php')
 3 SYSTEMPATH/View/View.php(216): CodeIgniter\View\View->CodeIgniter\View\{closure}()
 4 SYSTEMPATH/Common.php(1184): CodeIgniter\View\View->render('prestamos/detail', [], true)
 5 APPPATH/Controllers/PrestamosController.php(224): view('prestamos/detail', [...])
 6 SYSTEMPATH/CodeIgniter.php(934): App\Controllers\PrestamosController->detail('30')
 7 SYSTEMPATH/CodeIgniter.php(499): CodeIgniter\CodeIgniter->runController(Object(App\Controllers\PrestamosController))
 8 SYSTEMPATH/CodeIgniter.php(368): CodeIgniter\CodeIgniter->handleRequest(null, Object(Config\Cache), false)
 9 FCPATH/index.php(67): CodeIgniter\CodeIgniter->run()
INFO - 2023-11-17 00:10:13 --> Session: Class initialized using 'CodeIgniter\Session\Handlers\FileHandler' driver.
INFO - 2023-11-17 00:11:12 --> Session: Class initialized using 'CodeIgniter\Session\Handlers\FileHandler' driver.
INFO - 2023-11-17 00:12:03 --> Session: Class initialized using 'CodeIgniter\Session\Handlers\FileHandler' driver.
INFO - 2023-11-17 00:12:55 --> Session: Class initialized using 'CodeIgniter\Session\Handlers\FileHandler' driver.
INFO - 2023-11-17 00:50:23 --> Session: Class initialized using 'CodeIgniter\Session\Handlers\FileHandler' driver.
INFO - 2023-11-17 00:50:37 --> Session: Class initialized using 'CodeIgniter\Session\Handlers\FileHandler' driver.
INFO - 2023-11-17 00:52:55 --> CSRF token verified.
INFO - 2023-11-17 00:52:55 --> Session: Class initialized using 'CodeIgniter\Session\Handlers\FileHandler' driver.
ERROR - 2023-11-17 00:52:56 --> Error connecting to the database: mysqli_sql_exception: Connection refused in /home/u442907988/domains/grinbin.io/public_html/appdemo/system/Database/MySQLi/Connection.php:174
Stack trace:
#0 /home/u442907988/domains/grinbin.io/public_html/appdemo/system/Database/MySQLi/Connection.php(174): mysqli->real_connect()
#1 /home/u442907988/domains/grinbin.io/public_html/appdemo/system/Database/BaseConnection.php(391): CodeIgniter\Database\MySQLi\Connection->connect()
#2 /home/u442907988/domains/grinbin.io/public_html/appdemo/system/Database/BaseConnection.php(574): CodeIgniter\Database\BaseConnection->initialize()
#3 /home/u442907988/domains/grinbin.io/public_html/appdemo/system/Database/BaseBuilder.php(1616): CodeIgniter\Database\BaseConnection->query()
#4 /home/u442907988/domains/grinbin.io/public_html/appdemo/system/Model.php(268): CodeIgniter\Database\BaseBuilder->get()
#5 /home/u442907988/domains/grinbin.io/public_html/appdemo/system/BaseModel.php(656): CodeIgniter\Model->doFirst()
#6 /home/u442907988/domains/grinbin.io/public_html/appdemo/app/Controllers/LoginController.php(48): CodeIgniter\BaseModel->first()
#7 /home/u442907988/domains/grinbin.io/public_html/appdemo/system/CodeIgniter.php(934): App\Controllers\LoginController->validar()
#8 /home/u442907988/domains/grinbin.io/public_html/appdemo/system/CodeIgniter.php(499): CodeIgniter\CodeIgniter->runController()
#9 /home/u442907988/domains/grinbin.io/public_html/appdemo/system/CodeIgniter.php(368): CodeIgniter\CodeIgniter->handleRequest()
#10 /home/u442907988/domains/grinbin.io/public_html/appdemo/public/index.php(67): CodeIgniter\CodeIgniter->run()
#11 {main}

Next CodeIgniter\Database\Exceptions\DatabaseException: Connection refused in /home/u442907988/domains/grinbin.io/public_html/appdemo/system/Database/MySQLi/Connection.php:218
Stack trace:
#0 /home/u442907988/domains/grinbin.io/public_html/appdemo/system/Database/BaseConnection.php(391): CodeIgniter\Database\MySQLi\Connection->connect()
#1 /home/u442907988/domains/grinbin.io/public_html/appdemo/system/Database/BaseConnection.php(574): CodeIgniter\Database\BaseConnection->initialize()
#2 /home/u442907988/domains/grinbin.io/public_html/appdemo/system/Database/BaseBuilder.php(1616): CodeIgniter\Database\BaseConnection->query()
#3 /home/u442907988/domains/grinbin.io/public_html/appdemo/system/Model.php(268): CodeIgniter\Database\BaseBuilder->get()
#4 /home/u442907988/domains/grinbin.io/public_html/appdemo/system/BaseModel.php(656): CodeIgniter\Model->doFirst()
#5 /home/u442907988/domains/grinbin.io/public_html/appdemo/app/Controllers/LoginController.php(48): CodeIgniter\BaseModel->first()
#6 /home/u442907988/domains/grinbin.io/public_html/appdemo/system/CodeIgniter.php(934): App\Controllers\LoginController->validar()
#7 /home/u442907988/domains/grinbin.io/public_html/appdemo/system/CodeIgniter.php(499): CodeIgniter\CodeIgniter->runController()
#8 /home/u442907988/domains/grinbin.io/public_html/appdemo/system/CodeIgniter.php(368): CodeIgniter\CodeIgniter->handleRequest()
#9 /home/u442907988/domains/grinbin.io/public_html/appdemo/public/index.php(67): CodeIgniter\CodeIgniter->run()
#10 {main}
CRITICAL - 2023-11-17 00:52:56 --> Unable to connect to the database.
Main connection [MySQLi]: Connection refused
in SYSTEMPATH/Database/BaseConnection.php on line 427.
 1 SYSTEMPATH/Database/BaseConnection.php(574): CodeIgniter\Database\BaseConnection->initialize()
 2 SYSTEMPATH/Database/BaseBuilder.php(1616): CodeIgniter\Database\BaseConnection->query()
 3 SYSTEMPATH/Model.php(268): CodeIgniter\Database\BaseBuilder->get()
 4 SYSTEMPATH/BaseModel.php(656): CodeIgniter\Model->doFirst()
 5 APPPATH/Controllers/LoginController.php(48): CodeIgniter\BaseModel->first()
 6 SYSTEMPATH/CodeIgniter.php(934): App\Controllers\LoginController->validar()
 7 SYSTEMPATH/CodeIgniter.php(499): CodeIgniter\CodeIgniter->runController()
 8 SYSTEMPATH/CodeIgniter.php(368): CodeIgniter\CodeIgniter->handleRequest()
 9 FCPATH/index.php(67): CodeIgniter\CodeIgniter->run()
INFO - 2023-11-17 01:06:21 --> CSRF token verified.
INFO - 2023-11-17 01:06:21 --> Session: Class initialized using 'CodeIgniter\Session\Handlers\FileHandler' driver.
ERROR - 2023-11-17 01:06:21 --> Error connecting to the database: mysqli_sql_exception: Connection refused in /home/u442907988/domains/grinbin.io/public_html/appdemo/system/Database/MySQLi/Connection.php:174
Stack trace:
#0 /home/u442907988/domains/grinbin.io/public_html/appdemo/system/Database/MySQLi/Connection.php(174): mysqli->real_connect()
#1 /home/u442907988/domains/grinbin.io/public_html/appdemo/system/Database/BaseConnection.php(391): CodeIgniter\Database\MySQLi\Connection->connect()
#2 /home/u442907988/domains/grinbin.io/public_html/appdemo/system/Database/BaseConnection.php(574): CodeIgniter\Database\BaseConnection->initialize()
#3 /home/u442907988/domains/grinbin.io/public_html/appdemo/system/Database/BaseBuilder.php(1616): CodeIgniter\Database\BaseConnection->query()
#4 /home/u442907988/domains/grinbin.io/public_html/appdemo/system/Model.php(268): CodeIgniter\Database\BaseBuilder->get()
#5 /home/u442907988/domains/grinbin.io/public_html/appdemo/system/BaseModel.php(656): CodeIgniter\Model->doFirst()
#6 /home/u442907988/domains/grinbin.io/public_html/appdemo/app/Controllers/LoginController.php(48): CodeIgniter\BaseModel->first()
#7 /home/u442907988/domains/grinbin.io/public_html/appdemo/system/CodeIgniter.php(934): App\Controllers\LoginController->validar()
#8 /home/u442907988/domains/grinbin.io/public_html/appdemo/system/CodeIgniter.php(499): CodeIgniter\CodeIgniter->runController()
#9 /home/u442907988/domains/grinbin.io/public_html/appdemo/system/CodeIgniter.php(368): CodeIgniter\CodeIgniter->handleRequest()
#10 /home/u442907988/domains/grinbin.io/public_html/appdemo/public/index.php(67): CodeIgniter\CodeIgniter->run()
#11 {main}

Next CodeIgniter\Database\Exceptions\DatabaseException: Connection refused in /home/u442907988/domains/grinbin.io/public_html/appdemo/system/Database/MySQLi/Connection.php:218
Stack trace:
#0 /home/u442907988/domains/grinbin.io/public_html/appdemo/system/Database/BaseConnection.php(391): CodeIgniter\Database\MySQLi\Connection->connect()
#1 /home/u442907988/domains/grinbin.io/public_html/appdemo/system/Database/BaseConnection.php(574): CodeIgniter\Database\BaseConnection->initialize()
#2 /home/u442907988/domains/grinbin.io/public_html/appdemo/system/Database/BaseBuilder.php(1616): CodeIgniter\Database\BaseConnection->query()
#3 /home/u442907988/domains/grinbin.io/public_html/appdemo/system/Model.php(268): CodeIgniter\Database\BaseBuilder->get()
#4 /home/u442907988/domains/grinbin.io/public_html/appdemo/system/BaseModel.php(656): CodeIgniter\Model->doFirst()
#5 /home/u442907988/domains/grinbin.io/public_html/appdemo/app/Controllers/LoginController.php(48): CodeIgniter\BaseModel->first()
#6 /home/u442907988/domains/grinbin.io/public_html/appdemo/system/CodeIgniter.php(934): App\Controllers\LoginController->validar()
#7 /home/u442907988/domains/grinbin.io/public_html/appdemo/system/CodeIgniter.php(499): CodeIgniter\CodeIgniter->runController()
#8 /home/u442907988/domains/grinbin.io/public_html/appdemo/system/CodeIgniter.php(368): CodeIgniter\CodeIgniter->handleRequest()
#9 /home/u442907988/domains/grinbin.io/public_html/appdemo/public/index.php(67): CodeIgniter\CodeIgniter->run()
#10 {main}
CRITICAL - 2023-11-17 01:06:21 --> Unable to connect to the database.
Main connection [MySQLi]: Connection refused
in SYSTEMPATH/Database/BaseConnection.php on line 427.
 1 SYSTEMPATH/Database/BaseConnection.php(574): CodeIgniter\Database\BaseConnection->initialize()
 2 SYSTEMPATH/Database/BaseBuilder.php(1616): CodeIgniter\Database\BaseConnection->query()
 3 SYSTEMPATH/Model.php(268): CodeIgniter\Database\BaseBuilder->get()
 4 SYSTEMPATH/BaseModel.php(656): CodeIgniter\Model->doFirst()
 5 APPPATH/Controllers/LoginController.php(48): CodeIgniter\BaseModel->first()
 6 SYSTEMPATH/CodeIgniter.php(934): App\Controllers\LoginController->validar()
 7 SYSTEMPATH/CodeIgniter.php(499): CodeIgniter\CodeIgniter->runController()
 8 SYSTEMPATH/CodeIgniter.php(368): CodeIgniter\CodeIgniter->handleRequest()
 9 FCPATH/index.php(67): CodeIgniter\CodeIgniter->run()
INFO - 2023-11-17 01:06:23 --> Session: Class initialized using 'CodeIgniter\Session\Handlers\FileHandler' driver.
INFO - 2023-11-17 01:06:34 --> CSRF token verified.
INFO - 2023-11-17 01:06:34 --> Session: Class initialized using 'CodeIgniter\Session\Handlers\FileHandler' driver.
ERROR - 2023-11-17 01:06:34 --> Error connecting to the database: mysqli_sql_exception: Connection refused in /home/u442907988/domains/grinbin.io/public_html/appdemo/system/Database/MySQLi/Connection.php:174
Stack trace:
#0 /home/u442907988/domains/grinbin.io/public_html/appdemo/system/Database/MySQLi/Connection.php(174): mysqli->real_connect()
#1 /home/u442907988/domains/grinbin.io/public_html/appdemo/system/Database/BaseConnection.php(391): CodeIgniter\Database\MySQLi\Connection->connect()
#2 /home/u442907988/domains/grinbin.io/public_html/appdemo/system/Database/BaseConnection.php(574): CodeIgniter\Database\BaseConnection->initialize()
#3 /home/u442907988/domains/grinbin.io/public_html/appdemo/system/Database/BaseBuilder.php(1616): CodeIgniter\Database\BaseConnection->query()
#4 /home/u442907988/domains/grinbin.io/public_html/appdemo/system/Model.php(268): CodeIgniter\Database\BaseBuilder->get()
#5 /home/u442907988/domains/grinbin.io/public_html/appdemo/system/BaseModel.php(656): CodeIgniter\Model->doFirst()
#6 /home/u442907988/domains/grinbin.io/public_html/appdemo/app/Controllers/LoginController.php(48): CodeIgniter\BaseModel->first()
#7 /home/u442907988/domains/grinbin.io/public_html/appdemo/system/CodeIgniter.php(934): App\Controllers\LoginController->validar()
#8 /home/u442907988/domains/grinbin.io/public_html/appdemo/system/CodeIgniter.php(499): CodeIgniter\CodeIgniter->runController()
#9 /home/u442907988/domains/grinbin.io/public_html/appdemo/system/CodeIgniter.php(368): CodeIgniter\CodeIgniter->handleRequest()
#10 /home/u442907988/domains/grinbin.io/public_html/appdemo/public/index.php(67): CodeIgniter\CodeIgniter->run()
#11 {main}

Next CodeIgniter\Database\Exceptions\DatabaseException: Connection refused in /home/u442907988/domains/grinbin.io/public_html/appdemo/system/Database/MySQLi/Connection.php:218
Stack trace:
#0 /home/u442907988/domains/grinbin.io/public_html/appdemo/system/Database/BaseConnection.php(391): CodeIgniter\Database\MySQLi\Connection->connect()
#1 /home/u442907988/domains/grinbin.io/public_html/appdemo/system/Database/BaseConnection.php(574): CodeIgniter\Database\BaseConnection->initialize()
#2 /home/u442907988/domains/grinbin.io/public_html/appdemo/system/Database/BaseBuilder.php(1616): CodeIgniter\Database\BaseConnection->query()
#3 /home/u442907988/domains/grinbin.io/public_html/appdemo/system/Model.php(268): CodeIgniter\Database\BaseBuilder->get()
#4 /home/u442907988/domains/grinbin.io/public_html/appdemo/system/BaseModel.php(656): CodeIgniter\Model->doFirst()
#5 /home/u442907988/domains/grinbin.io/public_html/appdemo/app/Controllers/LoginController.php(48): CodeIgniter\BaseModel->first()
#6 /home/u442907988/domains/grinbin.io/public_html/appdemo/system/CodeIgniter.php(934): App\Controllers\LoginController->validar()
#7 /home/u442907988/domains/grinbin.io/public_html/appdemo/system/CodeIgniter.php(499): CodeIgniter\CodeIgniter->runController()
#8 /home/u442907988/domains/grinbin.io/public_html/appdemo/system/CodeIgniter.php(368): CodeIgniter\CodeIgniter->handleRequest()
#9 /home/u442907988/domains/grinbin.io/public_html/appdemo/public/index.php(67): CodeIgniter\CodeIgniter->run()
#10 {main}
CRITICAL - 2023-11-17 01:06:34 --> Unable to connect to the database.
Main connection [MySQLi]: Connection refused
in SYSTEMPATH/Database/BaseConnection.php on line 427.
 1 SYSTEMPATH/Database/BaseConnection.php(574): CodeIgniter\Database\BaseConnection->initialize()
 2 SYSTEMPATH/Database/BaseBuilder.php(1616): CodeIgniter\Database\BaseConnection->query()
 3 SYSTEMPATH/Model.php(268): CodeIgniter\Database\BaseBuilder->get()
 4 SYSTEMPATH/BaseModel.php(656): CodeIgniter\Model->doFirst()
 5 APPPATH/Controllers/LoginController.php(48): CodeIgniter\BaseModel->first()
 6 SYSTEMPATH/CodeIgniter.php(934): App\Controllers\LoginController->validar()
 7 SYSTEMPATH/CodeIgniter.php(499): CodeIgniter\CodeIgniter->runController()
 8 SYSTEMPATH/CodeIgniter.php(368): CodeIgniter\CodeIgniter->handleRequest()
 9 FCPATH/index.php(67): CodeIgniter\CodeIgniter->run()
INFO - 2023-11-17 01:06:53 --> Session: Class initialized using 'CodeIgniter\Session\Handlers\FileHandler' driver.
INFO - 2023-11-17 01:07:07 --> CSRF token verified.
INFO - 2023-11-17 01:07:07 --> Session: Class initialized using 'CodeIgniter\Session\Handlers\FileHandler' driver.
INFO - 2023-11-17 01:07:07 --> Session: Class initialized using 'CodeIgniter\Session\Handlers\FileHandler' driver.
INFO - 2023-11-17 01:07:18 --> CSRF token verified.
INFO - 2023-11-17 01:07:18 --> Session: Class initialized using 'CodeIgniter\Session\Handlers\FileHandler' driver.
INFO - 2023-11-17 01:07:18 --> Session: Class initialized using 'CodeIgniter\Session\Handlers\FileHandler' driver.
INFO - 2023-11-17 01:08:09 --> CSRF token verified.
INFO - 2023-11-17 01:08:09 --> Session: Class initialized using 'CodeIgniter\Session\Handlers\FileHandler' driver.
INFO - 2023-11-17 01:08:09 --> Session: Class initialized using 'CodeIgniter\Session\Handlers\FileHandler' driver.
INFO - 2023-11-17 01:08:10 --> Session: Class initialized using 'CodeIgniter\Session\Handlers\FileHandler' driver.
INFO - 2023-11-17 01:08:19 --> Session: Class initialized using 'CodeIgniter\Session\Handlers\FileHandler' driver.
INFO - 2023-11-17 01:08:32 --> Session: Class initialized using 'CodeIgniter\Session\Handlers\FileHandler' driver.
INFO - 2023-11-17 01:09:48 --> Session: Class initialized using 'CodeIgniter\Session\Handlers\FileHandler' driver.
INFO - 2023-11-17 01:09:49 --> Session: Class initialized using 'CodeIgniter\Session\Handlers\FileHandler' driver.
INFO - 2023-11-17 01:09:53 --> Session: Class initialized using 'CodeIgniter\Session\Handlers\FileHandler' driver.
INFO - 2023-11-17 01:09:59 --> Session: Class initialized using 'CodeIgniter\Session\Handlers\FileHandler' driver.
INFO - 2023-11-17 01:10:00 --> Session: Class initialized using 'CodeIgniter\Session\Handlers\FileHandler' driver.
INFO - 2023-11-17 01:15:25 --> Session: Class initialized using 'CodeIgniter\Session\Handlers\FileHandler' driver.
INFO - 2023-11-17 01:21:23 --> CSRF token verified.
INFO - 2023-11-17 01:21:23 --> Session: Class initialized using 'CodeIgniter\Session\Handlers\FileHandler' driver.
INFO - 2023-11-17 01:21:23 --> Session: Class initialized using 'CodeIgniter\Session\Handlers\FileHandler' driver.
INFO - 2023-11-17 01:22:02 --> Session: Class initialized using 'CodeIgniter\Session\Handlers\FileHandler' driver.
INFO - 2023-11-17 01:22:02 --> Session: Class initialized using 'CodeIgniter\Session\Handlers\FileHandler' driver.
INFO - 2023-11-17 01:22:04 --> Session: Class initialized using 'CodeIgniter\Session\Handlers\FileHandler' driver.
INFO - 2023-11-17 01:22:37 --> Session: Class initialized using 'CodeIgniter\Session\Handlers\FileHandler' driver.
INFO - 2023-11-17 01:22:37 --> CSRF token verified.
INFO - 2023-11-17 01:22:50 --> Session: Class initialized using 'CodeIgniter\Session\Handlers\FileHandler' driver.
INFO - 2023-11-17 01:22:50 --> CSRF token verified.
INFO - 2023-11-17 01:22:50 --> Session: Class initialized using 'CodeIgniter\Session\Handlers\FileHandler' driver.
INFO - 2023-11-17 01:22:51 --> Session: Class initialized using 'CodeIgniter\Session\Handlers\FileHandler' driver.
INFO - 2023-11-17 01:23:10 --> Session: Class initialized using 'CodeIgniter\Session\Handlers\FileHandler' driver.
INFO - 2023-11-17 01:23:21 --> CSRF token verified.
INFO - 2023-11-17 01:23:21 --> Session: Class initialized using 'CodeIgniter\Session\Handlers\FileHandler' driver.
INFO - 2023-11-17 01:23:22 --> Session: Class initialized using 'CodeIgniter\Session\Handlers\FileHandler' driver.
INFO - 2023-11-17 01:23:24 --> Session: Class initialized using 'CodeIgniter\Session\Handlers\FileHandler' driver.
INFO - 2023-11-17 01:23:45 --> Session: Class initialized using 'CodeIgniter\Session\Handlers\FileHandler' driver.
INFO - 2023-11-17 02:41:47 --> Session: Class initialized using 'CodeIgniter\Session\Handlers\FileHandler' driver.
INFO - 2023-11-17 02:41:48 --> Session: Class initialized using 'CodeIgniter\Session\Handlers\FileHandler' driver.
INFO - 2023-11-17 02:41:49 --> Session: Class initialized using 'CodeIgniter\Session\Handlers\FileHandler' driver.
INFO - 2023-11-17 02:41:51 --> Session: Class initialized using 'CodeIgniter\Session\Handlers\FileHandler' driver.
WARNING - 2023-11-17 02:41:51 --> [DEPRECATED] str_replace(): Passing null to parameter #3 ($subject) of type array|string is deprecated in APPPATH/Controllers/AdminController.php on line 154.
 1 APPPATH/Controllers/AdminController.php(154): str_replace('\'', '\'\'', null)
 2 [internal function]: App\Controllers\AdminController->App\Controllers\{closure}(null)
 3 APPPATH/Controllers/AdminController.php(153): array_map(Object(Closure), [...])
 4 SYSTEMPATH/CodeIgniter.php(934): App\Controllers\AdminController->createBackup()
 5 SYSTEMPATH/CodeIgniter.php(499): CodeIgniter\CodeIgniter->runController(Object(App\Controllers\AdminController))
 6 SYSTEMPATH/CodeIgniter.php(368): CodeIgniter\CodeIgniter->handleRequest(null, Object(Config\Cache), false)
 7 FCPATH/index.php(67): CodeIgniter\CodeIgniter->run()
WARNING - 2023-11-17 02:41:51 --> [DEPRECATED] str_replace(): Passing null to parameter #3 ($subject) of type array|string is deprecated in APPPATH/Controllers/AdminController.php on line 154.
 1 APPPATH/Controllers/AdminController.php(154): str_replace('\'', '\'\'', null)
 2 [internal function]: App\Controllers\AdminController->App\Controllers\{closure}(null)
 3 APPPATH/Controllers/AdminController.php(153): array_map(Object(Closure), [...])
 4 SYSTEMPATH/CodeIgniter.php(934): App\Controllers\AdminController->createBackup()
 5 SYSTEMPATH/CodeIgniter.php(499): CodeIgniter\CodeIgniter->runController(Object(App\Controllers\AdminController))
 6 SYSTEMPATH/CodeIgniter.php(368): CodeIgniter\CodeIgniter->handleRequest(null, Object(Config\Cache), false)
 7 FCPATH/index.php(67): CodeIgniter\CodeIgniter->run()
WARNING - 2023-11-17 02:41:51 --> [DEPRECATED] str_replace(): Passing null to parameter #3 ($subject) of type array|string is deprecated in APPPATH/Controllers/AdminController.php on line 154.
 1 APPPATH/Controllers/AdminController.php(154): str_replace('\'', '\'\'', null)
 2 [internal function]: App\Controllers\AdminController->App\Controllers\{closure}(null)
 3 APPPATH/Controllers/AdminController.php(153): array_map(Object(Closure), [...])
 4 SYSTEMPATH/CodeIgniter.php(934): App\Controllers\AdminController->createBackup()
 5 SYSTEMPATH/CodeIgniter.php(499): CodeIgniter\CodeIgniter->runController(Object(App\Controllers\AdminController))
 6 SYSTEMPATH/CodeIgniter.php(368): CodeIgniter\CodeIgniter->handleRequest(null, Object(Config\Cache), false)
 7 FCPATH/index.php(67): CodeIgniter\CodeIgniter->run()
WARNING - 2023-11-17 02:41:51 --> [DEPRECATED] str_replace(): Passing null to parameter #3 ($subject) of type array|string is deprecated in APPPATH/Controllers/AdminController.php on line 154.
 1 APPPATH/Controllers/AdminController.php(154): str_replace('\'', '\'\'', null)
 2 [internal function]: App\Controllers\AdminController->App\Controllers\{closure}(null)
 3 APPPATH/Controllers/AdminController.php(153): array_map(Object(Closure), [...])
 4 SYSTEMPATH/CodeIgniter.php(934): App\Controllers\AdminController->createBackup()
 5 SYSTEMPATH/CodeIgniter.php(499): CodeIgniter\CodeIgniter->runController(Object(App\Controllers\AdminController))
 6 SYSTEMPATH/CodeIgniter.php(368): CodeIgniter\CodeIgniter->handleRequest(null, Object(Config\Cache), false)
 7 FCPATH/index.php(67): CodeIgniter\CodeIgniter->run()
WARNING - 2023-11-17 02:41:51 --> [DEPRECATED] str_replace(): Passing null to parameter #3 ($subject) of type array|string is deprecated in APPPATH/Controllers/AdminController.php on line 154.
 1 APPPATH/Controllers/AdminController.php(154): str_replace('\'', '\'\'', null)
 2 [internal function]: App\Controllers\AdminController->App\Controllers\{closure}(null)
 3 APPPATH/Controllers/AdminController.php(153): array_map(Object(Closure), [...])
 4 SYSTEMPATH/CodeIgniter.php(934): App\Controllers\AdminController->createBackup()
 5 SYSTEMPATH/CodeIgniter.php(499): CodeIgniter\CodeIgniter->runController(Object(App\Controllers\AdminController))
 6 SYSTEMPATH/CodeIgniter.php(368): CodeIgniter\CodeIgniter->handleRequest(null, Object(Config\Cache), false)
 7 FCPATH/index.php(67): CodeIgniter\CodeIgniter->run()
INFO - 2023-11-17 02:41:55 --> Session: Class initialized using 'CodeIgniter\Session\Handlers\FileHandler' driver.
INFO - 2023-11-17 02:41:56 --> Session: Class initialized using 'CodeIgniter\Session\Handlers\FileHandler' driver.
INFO - 2023-11-17 02:42:02 --> Session: Class initialized using 'CodeIgniter\Session\Handlers\FileHandler' driver.
INFO - 2023-11-17 12:57:19 --> Session: Class initialized using 'CodeIgniter\Session\Handlers\FileHandler' driver.
INFO - 2023-11-17 12:58:30 --> CSRF token verified.
INFO - 2023-11-17 12:58:30 --> Session: Class initialized using 'CodeIgniter\Session\Handlers\FileHandler' driver.
INFO - 2023-11-17 12:58:31 --> Session: Class initialized using 'CodeIgniter\Session\Handlers\FileHandler' driver.
INFO - 2023-11-17 12:58:32 --> Session: Class initialized using 'CodeIgniter\Session\Handlers\FileHandler' driver.
INFO - 2023-11-17 12:58:38 --> Session: Class initialized using 'CodeIgniter\Session\Handlers\FileHandler' driver.
INFO - 2023-11-17 12:58:40 --> Session: Class initialized using 'CodeIgniter\Session\Handlers\FileHandler' driver.
INFO - 2023-11-17 12:58:43 --> Session: Class initialized using 'CodeIgniter\Session\Handlers\FileHandler' driver.
INFO - 2023-11-17 12:58:44 --> Session: Class initialized using 'CodeIgniter\Session\Handlers\FileHandler' driver.
INFO - 2023-11-17 12:58:49 --> Session: Class initialized using 'CodeIgniter\Session\Handlers\FileHandler' driver.
INFO - 2023-11-17 12:58:49 --> Session: Class initialized using 'CodeIgniter\Session\Handlers\FileHandler' driver.
INFO - 2023-11-17 12:58:56 --> Session: Class initialized using 'CodeIgniter\Session\Handlers\FileHandler' driver.
INFO - 2023-11-17 12:58:57 --> Session: Class initialized using 'CodeIgniter\Session\Handlers\FileHandler' driver.
INFO - 2023-11-17 12:59:04 --> Session: Class initialized using 'CodeIgniter\Session\Handlers\FileHandler' driver.
INFO - 2023-11-17 12:59:04 --> Session: Class initialized using 'CodeIgniter\Session\Handlers\FileHandler' driver.
INFO - 2023-11-17 13:00:22 --> Session: Class initialized using 'CodeIgniter\Session\Handlers\FileHandler' driver.
INFO - 2023-11-17 13:16:34 --> Session: Class initialized using 'CodeIgniter\Session\Handlers\FileHandler' driver.
INFO - 2023-11-17 13:16:35 --> Session: Class initialized using 'CodeIgniter\Session\Handlers\FileHandler' driver.
INFO - 2023-11-17 13:16:35 --> Session: Class initialized using 'CodeIgniter\Session\Handlers\FileHandler' driver.
INFO - 2023-11-17 13:16:55 --> CSRF token verified.
INFO - 2023-11-17 13:16:55 --> Session: Class initialized using 'CodeIgniter\Session\Handlers\FileHandler' driver.
INFO - 2023-11-17 13:16:56 --> Session: Class initialized using 'CodeIgniter\Session\Handlers\FileHandler' driver.
INFO - 2023-11-17 13:17:00 --> Session: Class initialized using 'CodeIgniter\Session\Handlers\FileHandler' driver.
INFO - 2023-11-17 13:17:13 --> Session: Class initialized using 'CodeIgniter\Session\Handlers\FileHandler' driver.
INFO - 2023-11-17 13:17:14 --> Session: Class initialized using 'CodeIgniter\Session\Handlers\FileHandler' driver.
INFO - 2023-11-17 13:17:24 --> Session: Class initialized using 'CodeIgniter\Session\Handlers\FileHandler' driver.
INFO - 2023-11-17 13:17:27 --> Session: Class initialized using 'CodeIgniter\Session\Handlers\FileHandler' driver.
INFO - 2023-11-17 13:17:33 --> Session: Class initialized using 'CodeIgniter\Session\Handlers\FileHandler' driver.
INFO - 2023-11-17 13:17:33 --> Session: Class initialized using 'CodeIgniter\Session\Handlers\FileHandler' driver.
INFO - 2023-11-17 13:17:35 --> Session: Class initialized using 'CodeIgniter\Session\Handlers\FileHandler' driver.
INFO - 2023-11-17 13:17:36 --> Session: Class initialized using 'CodeIgniter\Session\Handlers\FileHandler' driver.
INFO - 2023-11-17 13:17:48 --> Session: Class initialized using 'CodeIgniter\Session\Handlers\FileHandler' driver.
INFO - 2023-11-17 13:17:49 --> Session: Class initialized using 'CodeIgniter\Session\Handlers\FileHandler' driver.
INFO - 2023-11-17 13:17:55 --> Session: Class initialized using 'CodeIgniter\Session\Handlers\FileHandler' driver.
