INFO - 2023-11-25 00:09:19 --> Session: Class initialized using 'CodeIgniter\Session\Handlers\FileHandler' driver.
WARNING - 2023-11-25 00:09:19 --> [DEPRECATED] str_replace(): Passing null to parameter #3 ($subject) of type array|string is deprecated in APPPATH\Controllers\AdminController.php on line 154.
 1 APPPATH\Controllers\AdminController.php(154): str_replace('\'', '\'\'', null)
 2 [internal function]: App\Controllers\AdminController->App\Controllers\{closure}(null)
 3 APPPATH\Controllers\AdminController.php(153): array_map(Object(Closure), [...])
 4 SYSTEMPATH\CodeIgniter.php(934): App\Controllers\AdminController->createBackup()
 5 SYSTEMPATH\CodeIgniter.php(499): CodeIgniter\CodeIgniter->runController(Object(App\Controllers\AdminController))
 6 SYSTEMPATH\CodeIgniter.php(368): CodeIgniter\CodeIgniter->handleRequest(null, Object(Config\Cache), false)
 7 FCPATH\index.php(67): CodeIgniter\CodeIgniter->run()
 8 SYSTEMPATH\Commands\Server\rewrite.php(47): require_once('E:\\Project\\CI\\public\\index.php')
WARNING - 2023-11-25 00:09:19 --> [DEPRECATED] str_replace(): Passing null to parameter #3 ($subject) of type array|string is deprecated in APPPATH\Controllers\AdminController.php on line 154.
 1 APPPATH\Controllers\AdminController.php(154): str_replace('\'', '\'\'', null)
 2 [internal function]: App\Controllers\AdminController->App\Controllers\{closure}(null)
 3 APPPATH\Controllers\AdminController.php(153): array_map(Object(Closure), [...])
 4 SYSTEMPATH\CodeIgniter.php(934): App\Controllers\AdminController->createBackup()
 5 SYSTEMPATH\CodeIgniter.php(499): CodeIgniter\CodeIgniter->runController(Object(App\Controllers\AdminController))
 6 SYSTEMPATH\CodeIgniter.php(368): CodeIgniter\CodeIgniter->handleRequest(null, Object(Config\Cache), false)
 7 FCPATH\index.php(67): CodeIgniter\CodeIgniter->run()
 8 SYSTEMPATH\Commands\Server\rewrite.php(47): require_once('E:\\Project\\CI\\public\\index.php')
WARNING - 2023-11-25 00:09:19 --> [DEPRECATED] str_replace(): Passing null to parameter #3 ($subject) of type array|string is deprecated in APPPATH\Controllers\AdminController.php on line 154.
 1 APPPATH\Controllers\AdminController.php(154): str_replace('\'', '\'\'', null)
 2 [internal function]: App\Controllers\AdminController->App\Controllers\{closure}(null)
 3 APPPATH\Controllers\AdminController.php(153): array_map(Object(Closure), [...])
 4 SYSTEMPATH\CodeIgniter.php(934): App\Controllers\AdminController->createBackup()
 5 SYSTEMPATH\CodeIgniter.php(499): CodeIgniter\CodeIgniter->runController(Object(App\Controllers\AdminController))
 6 SYSTEMPATH\CodeIgniter.php(368): CodeIgniter\CodeIgniter->handleRequest(null, Object(Config\Cache), false)
 7 FCPATH\index.php(67): CodeIgniter\CodeIgniter->run()
 8 SYSTEMPATH\Commands\Server\rewrite.php(47): require_once('E:\\Project\\CI\\public\\index.php')
WARNING - 2023-11-25 00:09:19 --> [DEPRECATED] str_replace(): Passing null to parameter #3 ($subject) of type array|string is deprecated in APPPATH\Controllers\AdminController.php on line 154.
 1 APPPATH\Controllers\AdminController.php(154): str_replace('\'', '\'\'', null)
 2 [internal function]: App\Controllers\AdminController->App\Controllers\{closure}(null)
 3 APPPATH\Controllers\AdminController.php(153): array_map(Object(Closure), [...])
 4 SYSTEMPATH\CodeIgniter.php(934): App\Controllers\AdminController->createBackup()
 5 SYSTEMPATH\CodeIgniter.php(499): CodeIgniter\CodeIgniter->runController(Object(App\Controllers\AdminController))
 6 SYSTEMPATH\CodeIgniter.php(368): CodeIgniter\CodeIgniter->handleRequest(null, Object(Config\Cache), false)
 7 FCPATH\index.php(67): CodeIgniter\CodeIgniter->run()
 8 SYSTEMPATH\Commands\Server\rewrite.php(47): require_once('E:\\Project\\CI\\public\\index.php')
WARNING - 2023-11-25 00:09:19 --> [DEPRECATED] str_replace(): Passing null to parameter #3 ($subject) of type array|string is deprecated in APPPATH\Controllers\AdminController.php on line 154.
 1 APPPATH\Controllers\AdminController.php(154): str_replace('\'', '\'\'', null)
 2 [internal function]: App\Controllers\AdminController->App\Controllers\{closure}(null)
 3 APPPATH\Controllers\AdminController.php(153): array_map(Object(Closure), [...])
 4 SYSTEMPATH\CodeIgniter.php(934): App\Controllers\AdminController->createBackup()
 5 SYSTEMPATH\CodeIgniter.php(499): CodeIgniter\CodeIgniter->runController(Object(App\Controllers\AdminController))
 6 SYSTEMPATH\CodeIgniter.php(368): CodeIgniter\CodeIgniter->handleRequest(null, Object(Config\Cache), false)
 7 FCPATH\index.php(67): CodeIgniter\CodeIgniter->run()
 8 SYSTEMPATH\Commands\Server\rewrite.php(47): require_once('E:\\Project\\CI\\public\\index.php')
INFO - 2023-11-25 00:16:05 --> Session: Class initialized using 'CodeIgniter\Session\Handlers\FileHandler' driver.
WARNING - 2023-11-25 00:16:05 --> [DEPRECATED] number_format(): Passing null to parameter #1 ($num) of type float is deprecated in APPPATH\Views\prestamos\detail.php on line 66.
 1 APPPATH\Views\prestamos\detail.php(66): number_format(null, 2)
 2 SYSTEMPATH\View\View.php(213): include('E:\\Project\\CI\\app\\Views\\prestamos\\detail.php')
 3 SYSTEMPATH\View\View.php(216): CodeIgniter\View\View->CodeIgniter\View\{closure}()
 4 SYSTEMPATH\Common.php(1184): CodeIgniter\View\View->render('prestamos/detail', [], true)
 5 APPPATH\Controllers\PrestamosController.php(308): view('prestamos/detail', [...])
 6 SYSTEMPATH\CodeIgniter.php(934): App\Controllers\PrestamosController->detail('31')
 7 SYSTEMPATH\CodeIgniter.php(499): CodeIgniter\CodeIgniter->runController(Object(App\Controllers\PrestamosController))
 8 SYSTEMPATH\CodeIgniter.php(368): CodeIgniter\CodeIgniter->handleRequest(null, Object(Config\Cache), false)
 9 FCPATH\index.php(67): CodeIgniter\CodeIgniter->run()
10 SYSTEMPATH\Commands\Server\rewrite.php(47): require_once('E:\\Project\\CI\\public\\index.php')
INFO - 2023-11-25 00:20:26 --> Session: Class initialized using 'CodeIgniter\Session\Handlers\FileHandler' driver.
WARNING - 2023-11-25 00:20:26 --> [DEPRECATED] number_format(): Passing null to parameter #1 ($num) of type float is deprecated in APPPATH\Views\prestamos\detail.php on line 66.
 1 APPPATH\Views\prestamos\detail.php(66): number_format(null, 2)
 2 SYSTEMPATH\View\View.php(213): include('E:\\Project\\CI\\app\\Views\\prestamos\\detail.php')
 3 SYSTEMPATH\View\View.php(216): CodeIgniter\View\View->CodeIgniter\View\{closure}()
 4 SYSTEMPATH\Common.php(1184): CodeIgniter\View\View->render('prestamos/detail', [], true)
 5 APPPATH\Controllers\PrestamosController.php(308): view('prestamos/detail', [...])
 6 SYSTEMPATH\CodeIgniter.php(934): App\Controllers\PrestamosController->detail('31')
 7 SYSTEMPATH\CodeIgniter.php(499): CodeIgniter\CodeIgniter->runController(Object(App\Controllers\PrestamosController))
 8 SYSTEMPATH\CodeIgniter.php(368): CodeIgniter\CodeIgniter->handleRequest(null, Object(Config\Cache), false)
 9 FCPATH\index.php(67): CodeIgniter\CodeIgniter->run()
10 SYSTEMPATH\Commands\Server\rewrite.php(47): require_once('E:\\Project\\CI\\public\\index.php')
INFO - 2023-11-25 00:43:09 --> Session: Class initialized using 'CodeIgniter\Session\Handlers\FileHandler' driver.
INFO - 2023-11-25 00:43:10 --> Session: Class initialized using 'CodeIgniter\Session\Handlers\FileHandler' driver.
INFO - 2023-11-25 00:43:11 --> Session: Class initialized using 'CodeIgniter\Session\Handlers\FileHandler' driver.
INFO - 2023-11-25 00:43:12 --> Session: Class initialized using 'CodeIgniter\Session\Handlers\FileHandler' driver.
WARNING - 2023-11-25 00:43:12 --> [DEPRECATED] number_format(): Passing null to parameter #1 ($num) of type float is deprecated in APPPATH\Views\prestamos\detail.php on line 66.
 1 APPPATH\Views\prestamos\detail.php(66): number_format(null, 2)
 2 SYSTEMPATH\View\View.php(213): include('E:\\Project\\CI\\app\\Views\\prestamos\\detail.php')
 3 SYSTEMPATH\View\View.php(216): CodeIgniter\View\View->CodeIgniter\View\{closure}()
 4 SYSTEMPATH\Common.php(1184): CodeIgniter\View\View->render('prestamos/detail', [], true)
 5 APPPATH\Controllers\PrestamosController.php(308): view('prestamos/detail', [...])
 6 SYSTEMPATH\CodeIgniter.php(934): App\Controllers\PrestamosController->detail('31')
 7 SYSTEMPATH\CodeIgniter.php(499): CodeIgniter\CodeIgniter->runController(Object(App\Controllers\PrestamosController))
 8 SYSTEMPATH\CodeIgniter.php(368): CodeIgniter\CodeIgniter->handleRequest(null, Object(Config\Cache), false)
 9 FCPATH\index.php(67): CodeIgniter\CodeIgniter->run()
10 SYSTEMPATH\Commands\Server\rewrite.php(47): require_once('E:\\Project\\CI\\public\\index.php')
INFO - 2023-11-25 00:51:52 --> Session: Class initialized using 'CodeIgniter\Session\Handlers\FileHandler' driver.
WARNING - 2023-11-25 00:51:52 --> [DEPRECATED] number_format(): Passing null to parameter #1 ($num) of type float is deprecated in APPPATH\Views\prestamos\detail.php on line 66.
 1 APPPATH\Views\prestamos\detail.php(66): number_format(null, 2)
 2 SYSTEMPATH\View\View.php(213): include('E:\\Project\\CI\\app\\Views\\prestamos\\detail.php')
 3 SYSTEMPATH\View\View.php(216): CodeIgniter\View\View->CodeIgniter\View\{closure}()
 4 SYSTEMPATH\Common.php(1184): CodeIgniter\View\View->render('prestamos/detail', [], true)
 5 APPPATH\Controllers\PrestamosController.php(308): view('prestamos/detail', [...])
 6 SYSTEMPATH\CodeIgniter.php(934): App\Controllers\PrestamosController->detail('31')
 7 SYSTEMPATH\CodeIgniter.php(499): CodeIgniter\CodeIgniter->runController(Object(App\Controllers\PrestamosController))
 8 SYSTEMPATH\CodeIgniter.php(368): CodeIgniter\CodeIgniter->handleRequest(null, Object(Config\Cache), false)
 9 FCPATH\index.php(67): CodeIgniter\CodeIgniter->run()
10 SYSTEMPATH\Commands\Server\rewrite.php(47): require_once('E:\\Project\\CI\\public\\index.php')
INFO - 2023-11-25 02:10:48 --> Session: Class initialized using 'CodeIgniter\Session\Handlers\FileHandler' driver.
WARNING - 2023-11-25 02:10:48 --> [DEPRECATED] number_format(): Passing null to parameter #1 ($num) of type float is deprecated in APPPATH\Views\prestamos\detail.php on line 66.
 1 APPPATH\Views\prestamos\detail.php(66): number_format(null, 2)
 2 SYSTEMPATH\View\View.php(213): include('E:\\Project\\CI\\app\\Views\\prestamos\\detail.php')
 3 SYSTEMPATH\View\View.php(216): CodeIgniter\View\View->CodeIgniter\View\{closure}()
 4 SYSTEMPATH\Common.php(1184): CodeIgniter\View\View->render('prestamos/detail', [], true)
 5 APPPATH\Controllers\PrestamosController.php(308): view('prestamos/detail', [...])
 6 SYSTEMPATH\CodeIgniter.php(934): App\Controllers\PrestamosController->detail('31')
 7 SYSTEMPATH\CodeIgniter.php(499): CodeIgniter\CodeIgniter->runController(Object(App\Controllers\PrestamosController))
 8 SYSTEMPATH\CodeIgniter.php(368): CodeIgniter\CodeIgniter->handleRequest(null, Object(Config\Cache), false)
 9 FCPATH\index.php(67): CodeIgniter\CodeIgniter->run()
10 SYSTEMPATH\Commands\Server\rewrite.php(47): require_once('E:\\Project\\CI\\public\\index.php')
INFO - 2023-11-25 04:04:03 --> Session: Class initialized using 'CodeIgniter\Session\Handlers\FileHandler' driver.
WARNING - 2023-11-25 04:04:04 --> [DEPRECATED] number_format(): Passing null to parameter #1 ($num) of type float is deprecated in APPPATH\Views\prestamos\detail.php on line 66.
 1 APPPATH\Views\prestamos\detail.php(66): number_format(null, 2)
 2 SYSTEMPATH\View\View.php(213): include('E:\\Project\\CI\\app\\Views\\prestamos\\detail.php')
 3 SYSTEMPATH\View\View.php(216): CodeIgniter\View\View->CodeIgniter\View\{closure}()
 4 SYSTEMPATH\Common.php(1184): CodeIgniter\View\View->render('prestamos/detail', [], true)
 5 APPPATH\Controllers\PrestamosController.php(308): view('prestamos/detail', [...])
 6 SYSTEMPATH\CodeIgniter.php(934): App\Controllers\PrestamosController->detail('31')
 7 SYSTEMPATH\CodeIgniter.php(499): CodeIgniter\CodeIgniter->runController(Object(App\Controllers\PrestamosController))
 8 SYSTEMPATH\CodeIgniter.php(368): CodeIgniter\CodeIgniter->handleRequest(null, Object(Config\Cache), false)
 9 FCPATH\index.php(67): CodeIgniter\CodeIgniter->run()
10 SYSTEMPATH\Commands\Server\rewrite.php(47): require_once('E:\\Project\\CI\\public\\index.php')
INFO - 2023-11-25 04:56:54 --> Session: Class initialized using 'CodeIgniter\Session\Handlers\FileHandler' driver.
INFO - 2023-11-25 04:56:55 --> Session: Class initialized using 'CodeIgniter\Session\Handlers\FileHandler' driver.
INFO - 2023-11-25 04:56:56 --> Session: Class initialized using 'CodeIgniter\Session\Handlers\FileHandler' driver.
WARNING - 2023-11-25 04:56:56 --> [DEPRECATED] number_format(): Passing null to parameter #1 ($num) of type float is deprecated in APPPATH\Views\prestamos\detail.php on line 66.
 1 APPPATH\Views\prestamos\detail.php(66): number_format(null, 2)
 2 SYSTEMPATH\View\View.php(213): include('E:\\Project\\CI\\app\\Views\\prestamos\\detail.php')
 3 SYSTEMPATH\View\View.php(216): CodeIgniter\View\View->CodeIgniter\View\{closure}()
 4 SYSTEMPATH\Common.php(1184): CodeIgniter\View\View->render('prestamos/detail', [], true)
 5 APPPATH\Controllers\PrestamosController.php(308): view('prestamos/detail', [...])
 6 SYSTEMPATH\CodeIgniter.php(934): App\Controllers\PrestamosController->detail('31')
 7 SYSTEMPATH\CodeIgniter.php(499): CodeIgniter\CodeIgniter->runController(Object(App\Controllers\PrestamosController))
 8 SYSTEMPATH\CodeIgniter.php(368): CodeIgniter\CodeIgniter->handleRequest(null, Object(Config\Cache), false)
 9 FCPATH\index.php(67): CodeIgniter\CodeIgniter->run()
10 SYSTEMPATH\Commands\Server\rewrite.php(47): require_once('E:\\Project\\CI\\public\\index.php')
